\BOOKMARK [0][-]{chapter.1}{\376\377\000A\000n\000a\000l\000i\000s\000i}{}% 1
\BOOKMARK [1][-]{section.1.1}{\376\377\000I\000n\000t\000r\000o\000d\000u\000z\000i\000o\000n\000e}{chapter.1}% 2
\BOOKMARK [2][-]{subsection.1.1.1}{\376\377\000O\000b\000i\000e\000t\000t\000i\000v\000o}{section.1.1}% 3
\BOOKMARK [2][-]{subsection.1.1.2}{\376\377\000I\000n\000t\000e\000r\000a\000z\000i\000o\000n\000i}{section.1.1}% 4
\BOOKMARK [1][-]{section.1.2}{\376\377\000R\000e\000q\000u\000i\000s\000i\000t\000i}{chapter.1}% 5
\BOOKMARK [1][-]{section.1.3}{\376\377\000T\000i\000p\000o\000l\000o\000g\000i\000e\000\040\000d\000i\000\040\000m\000e\000s\000s\000a\000g\000g\000i}{chapter.1}% 6
\BOOKMARK [0][-]{chapter.2}{\376\377\000D\000e\000s\000i\000g\000n}{}% 7
\BOOKMARK [1][-]{section.2.1}{\376\377\000S\000c\000h\000e\000r\000m\000a\000t\000a\000\040\000u\000t\000e\000n\000t\000e}{chapter.2}% 8
\BOOKMARK [2][-]{subsection.2.1.1}{\376\377\000L\000o\000g\000i\000n}{section.2.1}% 9
\BOOKMARK [2][-]{subsection.2.1.2}{\376\377\000H\000o\000m\000e\000p\000a\000g\000e}{section.2.1}% 10
\BOOKMARK [2][-]{subsection.2.1.3}{\376\377\000D\000e\000t\000t\000a\000g\000l\000i\000o\000\040\000c\000h\000a\000t}{section.2.1}% 11
\BOOKMARK [1][-]{section.2.2}{\376\377\000D\000a\000t\000a\000b\000a\000s\000e}{chapter.2}% 12
\BOOKMARK [0][-]{chapter.3}{\376\377\000D\000e\000s\000i\000g\000n\000\040\000D\000e\000t\000t\000a\000g\000l\000i\000a\000t\000o}{}% 13
\BOOKMARK [1][-]{section.3.1}{\376\377\000T\000e\000c\000n\000o\000l\000o\000g\000i\000e\000\040\000u\000t\000i\000l\000i\000z\000z\000a\000t\000e}{chapter.3}% 14
\BOOKMARK [2][-]{subsection.3.1.1}{\376\377\000L\000i\000n\000g\000u\000a\000g\000g\000i\000o}{section.3.1}% 15
\BOOKMARK [1][-]{section.3.2}{\376\377\000C\000i\000f\000r\000a\000t\000u\000r\000a}{chapter.3}% 16
\BOOKMARK [2][-]{subsection.3.2.1}{\376\377\000D\000e\000t\000t\000a\000g\000l\000i\000o}{section.3.2}% 17
\BOOKMARK [1][-]{section.3.3}{\376\377\000I\000n\000t\000e\000r\000a\000z\000i\000o\000n\000i}{chapter.3}% 18
\BOOKMARK [2][-]{subsection.3.3.1}{\376\377\000T\000i\000p\000o\000l\000o\000g\000i\000a\000\040\000d\000i\000\040\000m\000e\000s\000s\000a\000g\000g\000i}{section.3.3}% 19
\BOOKMARK [2][-]{subsection.3.3.2}{\376\377\000P\000r\000o\000t\000o\000c\000o\000l\000l\000o\000\040\000s\000c\000a\000m\000b\000i\000o\000\040\000d\000i\000\040\000c\000h\000i\000a\000v\000i}{section.3.3}% 20
\BOOKMARK [1][-]{section.3.4}{\376\377\000D\000a\000t\000a\000b\000a\000s\000e}{chapter.3}% 21
\BOOKMARK [2][-]{subsection.3.4.1}{\376\377\000T\000e\000c\000n\000o\000l\000o\000g\000i\000e}{section.3.4}% 22
\BOOKMARK [2][-]{subsection.3.4.2}{\376\377\000S\000e\000r\000v\000e\000r}{section.3.4}% 23
\BOOKMARK [2][-]{subsection.3.4.3}{\376\377\000C\000l\000i\000e\000n\000t}{section.3.4}% 24
\BOOKMARK [1][-]{section.3.5}{\376\377\000S\000e\000r\000v\000e\000r}{chapter.3}% 25
\BOOKMARK [2][-]{subsection.3.5.1}{\376\377\000M\000e\000s\000s\000a\000g\000e\000\040\000r\000o\000u\000t\000e\000r}{section.3.5}% 26
\BOOKMARK [2][-]{subsection.3.5.2}{\376\377\000C\000o\000n\000n\000e\000c\000t\000i\000o\000n\000\040\000H\000a\000n\000d\000l\000e\000r}{section.3.5}% 27
\BOOKMARK [1][-]{section.3.6}{\376\377\000C\000l\000i\000e\000n\000t}{chapter.3}% 28
\BOOKMARK [2][-]{subsection.3.6.1}{\376\377\000S\000e\000r\000v\000e\000r\000\040\000C\000o\000n\000n\000e\000c\000t\000i\000o\000n}{section.3.6}% 29
\BOOKMARK [2][-]{subsection.3.6.2}{\376\377\000C\000l\000i\000e\000n\000t}{section.3.6}% 30
\BOOKMARK [1][-]{section.3.7}{\376\377\000C\000o\000n\000f\000i\000g\000u\000r\000a\000z\000i\000o\000n\000e\000\040\000e\000\040\000C\000o\000s\000t\000a\000n\000t\000i}{chapter.3}% 31
\BOOKMARK [0][-]{chapter.4}{\376\377\000T\000e\000s\000t\000i\000n\000g}{}% 32
\BOOKMARK [1][-]{section.4.1}{\376\377\000C\000i\000f\000r\000a\000t\000u\000r\000a}{chapter.4}% 33
\BOOKMARK [1][-]{section.4.2}{\376\377\000A\000l\000t\000r\000o}{chapter.4}% 34
\BOOKMARK [2][-]{subsection.4.2.1}{\376\377\000H\000a\000n\000d\000s\000h\000a\000k\000e}{section.4.2}% 35
\BOOKMARK [2][-]{subsection.4.2.2}{\376\377\000C\000o\000n\000n\000e\000c\000t\000i\000o\000n\000\040\000H\000a\000n\000d\000l\000e\000r}{section.4.2}% 36
\BOOKMARK [2][-]{subsection.4.2.3}{\376\377\000M\000e\000s\000s\000a\000g\000e\000\040\000r\000o\000u\000t\000e\000r}{section.4.2}% 37
\BOOKMARK [2][-]{subsection.4.2.4}{\376\377\000T\000e\000s\000t\000\040\000d\000i\000\040\000a\000c\000c\000e\000s\000s\000o\000\040\000n\000o\000n\000\040\000a\000u\000t\000o\000r\000i\000z\000z\000a\000t\000o}{section.4.2}% 38
\BOOKMARK [0][-]{chapter.5}{\376\377\000C\000o\000n\000c\000l\000u\000s\000i\000o\000n\000e}{}% 39
\BOOKMARK [1][-]{section.5.1}{\376\377\000I\000m\000p\000r\000e\000s\000s\000i\000o\000n\000i\000\040\000s\000u\000l\000\040\000p\000r\000o\000g\000e\000t\000t\000o}{chapter.5}% 40
\BOOKMARK [1][-]{section.5.2}{\376\377\000S\000v\000i\000l\000u\000p\000p\000i\000\040\000f\000u\000t\000u\000r\000i}{chapter.5}% 41
\BOOKMARK [2][-]{subsection.5.2.1}{\376\377\000A\000l\000g\000o\000r\000i\000t\000m\000i\000\040\000d\000i\000\040\000c\000i\000f\000r\000a\000t\000u\000r\000a}{section.5.2}% 42
\BOOKMARK [2][-]{subsection.5.2.2}{\376\377\000C\000o\000m\000u\000n\000i\000c\000a\000z\000i\000o\000n\000e\000\040\000t\000r\000a\000\040\000c\000l\000i\000e\000n\000t}{section.5.2}% 43
\BOOKMARK [2][-]{subsection.5.2.3}{\376\377\000L\000i\000n\000g\000u\000a\000g\000g\000i\000o}{section.5.2}% 44
\BOOKMARK [2][-]{subsection.5.2.4}{\376\377\000U\000I}{section.5.2}% 45
\BOOKMARK [2][-]{subsection.5.2.5}{\376\377\000F\000u\000n\000z\000i\000o\000n\000a\000l\000i\000t\000a\000'}{section.5.2}% 46
